<?xml version="1.0" encoding="UTF-8"?>
<testng-results ignored="0" total="1" passed="1" failed="0" skipped="0">
  <reporter-output>
    <line>
      <![CDATA[1. Lauched the website: https://en-gb.facebook.com/]]>
    </line>
    <line>
      <![CDATA[2. Logged in Successfully]]>
    </line>
    <line>
      <![CDATA[3. Home Page is loaded]]>
    </line>
    <line>
      <![CDATA[4. Posted a status successfully in Facebook]]>
    </line>
  </reporter-output>
  <suite started-at="2021-07-05T16:00:30 IST" name="Suite" finished-at="2021-07-05T16:00:42 IST" duration-ms="12781">
    <groups>
      <group name="login">
        <method signature="PostStatusTestScripts.validatePostStatusFunctionality(java.lang.String, java.lang.String, java.lang.String, java.lang.String, java.lang.String, java.lang.String, java.lang.String)[pri:0, instance:testScripts.Facebook.PostStatusTestScripts@128d2484]" name="validatePostStatusFunctionality" class="testScripts.Facebook.PostStatusTestScripts"/>
      </group> <!-- login -->
    </groups>
    <test started-at="2021-07-05T16:00:30 IST" name="FaceBook Tests" finished-at="2021-07-05T16:00:42 IST" duration-ms="12781">
      <class name="testScripts.Facebook.PostStatusTestScripts">
        <test-method signature="validatePostStatusFunctionality(java.lang.String, java.lang.String, java.lang.String, java.lang.String, java.lang.String, java.lang.String, java.lang.String)[pri:0, instance:testScripts.Facebook.PostStatusTestScripts@128d2484]" started-at="2021-07-05T16:00:30 IST" name="validatePostStatusFunctionality" description="This method will validate if user is able to post status in facebook" data-provider="facebookPostStatusTestData" finished-at="2021-07-05T16:00:42 IST" duration-ms="11867" status="PASS">
          <params>
            <param index="0">
              <value>
                <![CDATA[Facebook]]>
              </value>
            </param>
            <param index="1">
              <value>
                <![CDATA[Chrome]]>
              </value>
            </param>
            <param index="2">
              <value>
                <![CDATA[validate_status_posting_functionality]]>
              </value>
            </param>
            <param index="3">
              <value>
                <![CDATA[This test method validates if the user is able to login into Facebook application using valid credentials]]>
              </value>
            </param>
            <param index="4">
              <value>
                <![CDATA[https://en-gb.facebook.com/]]>
              </value>
            </param>
            <param index="5">
              <value>
                <![CDATA[rajasek93@gmail.com]]>
              </value>
            </param>
            <param index="6">
              <value>
                <![CDATA[CheckAutomation@007]]>
              </value>
            </param>
          </params>
          <reporter-output>
            <line>
              <![CDATA[1. Lauched the website: https://en-gb.facebook.com/]]>
            </line>
            <line>
              <![CDATA[2. Logged in Successfully]]>
            </line>
            <line>
              <![CDATA[3. Home Page is loaded]]>
            </line>
            <line>
              <![CDATA[4. Posted a status successfully in Facebook]]>
            </line>
          </reporter-output>
        </test-method> <!-- validatePostStatusFunctionality -->
      </class> <!-- testScripts.Facebook.PostStatusTestScripts -->
    </test> <!-- FaceBook Tests -->
  </suite> <!-- Suite -->
</testng-results>
